<?xml version="1.0" encoding="UTF-8"?>
<!-- Generated by org.testng.reporters.JUnitXMLReporter -->
<testsuite hostname="admin-PC" ignored="16" name="grouping" tests="2" failures="2" timestamp="13 May 2022 03:55:22 GMT" time="0.341" errors="0">
  <testcase name="validUserValidPass" time="0.042" classname="Project.Script.LoginPageTest">
    <failure type="java.lang.NullPointerException">
      <![CDATA[java.lang.NullPointerException
at org.openqa.selenium.support.pagefactory.DefaultElementLocator.findElement(DefaultElementLocator.java:69)
at org.openqa.selenium.support.pagefactory.internal.LocatingElementHandler.invoke(LocatingElementHandler.java:38)
at com.sun.proxy.$Proxy12.sendKeys(Unknown Source)
at Project.Page.LoginPage.username(LoginPage.java:42)
at Project.Script.LoginPageTest.validUserValidPass(LoginPageTest.java:110)
... Removed 25 stack frames]]>
    </failure>
  </testcase> <!-- validUserValidPass -->
  <testcase name="contSelect" time="0.027" classname="Project.Script.ContactPageofCRM">
    <failure type="java.lang.NullPointerException">
      <![CDATA[java.lang.NullPointerException
at java.util.Objects.requireNonNull(Objects.java:203)
at org.openqa.selenium.interactions.Actions.<init>(Actions.java:65)
at Project.Utilities.ActionUtilities.doubleClicl(ActionUtilities.java:23)
at Project.Page.ContactPage.contact(ContactPage.java:94)
at Project.Script.ContactPageofCRM.contSelect(ContactPageofCRM.java:24)
... Removed 25 stack frames]]>
    </failure>
  </testcase> <!-- contSelect -->
  <testcase name="contDrop1" time="0.0" classname="Project.Script.ContactPageofCRM">
    <ignored/>
  </testcase> <!-- contDrop1 -->
  <testcase name="contSel" time="0.0" classname="Project.Script.ContactPageofCRM">
    <ignored/>
  </testcase> <!-- contSel -->
  <testcase name="blankUserPass" time="0.0" classname="Project.Script.LoginPageTest">
    <ignored/>
  </testcase> <!-- blankUserPass -->
  <testcase name="contBack" time="0.0" classname="Project.Script.ContactPageofCRM">
    <ignored/>
  </testcase> <!-- contBack -->
  <testcase name="editCompany" time="0.0" classname="Project.Script.ContactPageofCRM">
    <ignored/>
  </testcase> <!-- editCompany -->
  <testcase name="validUserInvalidPass" time="0.0" classname="Project.Script.LoginPageTest">
    <ignored/>
  </testcase> <!-- validUserInvalidPass -->
  <testcase name="scrollPage" time="0.0" classname="Project.Script.ContactPageofCRM">
    <ignored/>
  </testcase> <!-- scrollPage -->
  <testcase name="viewCompany" time="0.0" classname="Project.Script.ContactPageofCRM">
    <ignored/>
  </testcase> <!-- viewCompany -->
  <testcase name="forgotUser" time="0.0" classname="Project.Script.LoginPageTest">
    <ignored/>
  </testcase> <!-- forgotUser -->
  <testcase name="contDrop" time="0.0" classname="Project.Script.ContactPageofCRM">
    <ignored/>
  </testcase> <!-- contDrop -->
  <testcase name="contactDetailsAdd2" time="0.0" classname="Project.Script.ContactPageofCRM">
    <ignored/>
  </testcase> <!-- contactDetailsAdd2 -->
  <testcase name="contactDetailsAdd1" time="0.0" classname="Project.Script.ContactPageofCRM">
    <ignored/>
  </testcase> <!-- contactDetailsAdd1 -->
  <testcase name="seacrhCompany" time="0.0" classname="Project.Script.ContactPageofCRM">
    <ignored/>
  </testcase> <!-- seacrhCompany -->
  <testcase name="invalidUservalidPass" time="0.0" classname="Project.Script.LoginPageTest">
    <ignored/>
  </testcase> <!-- invalidUservalidPass -->
  <testcase name="select" time="0.0" classname="Project.Script.ContactPageofCRM">
    <ignored/>
  </testcase> <!-- select -->
  <testcase name="invalidUserInvalidPass" time="0.0" classname="Project.Script.LoginPageTest">
    <ignored/>
  </testcase> <!-- invalidUserInvalidPass -->
</testsuite> <!-- grouping -->
