<?xml version="1.0" encoding="UTF-8"?>
<!-- Generated by org.testng.reporters.JUnitXMLReporter -->
<testsuite hostname="admin-PC" ignored="2" name="Test" tests="6" failures="0" timestamp="06 Jun 2022 05:27:24 GMT" time="398.744" errors="0">
  <testcase name="@BeforeTest beforeTest" time="398.089" classname="Project.Script.BasePageofCRM">
    <failure type="org.openqa.selenium.TimeoutException" message="timeout: Timed out receiving message from renderer: 300.000
  (Session info: chrome=102.0.5005.63)
Build info: version: &amp;apos;3.141.59&amp;apos;, revision: &amp;apos;e82be7d358&amp;apos;, time: &amp;apos;2018-11-14T08:17:03&amp;apos;
System info: host: &amp;apos;ADMIN-PC&amp;apos;, ip: &amp;apos;192.168.1.3&amp;apos;, os.name: &amp;apos;Windows 7&amp;apos;, os.arch: &amp;apos;amd64&amp;apos;, os.version: &amp;apos;6.1&amp;apos;, java.version: &amp;apos;1.8.0_202&amp;apos;
Driver info: org.openqa.selenium.chrome.ChromeDriver
Capabilities {acceptInsecureCerts: false, browserName: chrome, browserVersion: 102.0.5005.63, chrome: {chromedriverVersion: 102.0.5005.61 (0e59bcc00cc4..., userDataDir: C:\Users\admin\AppData\Loca...}, goog:chromeOptions: {debuggerAddress: localhost:50259}, javascriptEnabled: true, networkConnectionEnabled: false, pageLoadStrategy: normal, platform: WINDOWS, platformName: WINDOWS, proxy: Proxy(), setWindowRect: true, strictFileInteractability: false, timeouts: {implicit: 0, pageLoad: 300000, script: 30000}, unhandledPromptBehavior: dismiss and notify, webauthn:extension:credBlob: true, webauthn:extension:largeBlob: true, webauthn:virtualAuthenticators: true}
Session ID: d38905f85586215328db166e26b14f5d">
      <![CDATA[org.openqa.selenium.TimeoutException: timeout: Timed out receiving message from renderer: 300.000
  (Session info: chrome=102.0.5005.63)
Build info: version: '3.141.59', revision: 'e82be7d358', time: '2018-11-14T08:17:03'
System info: host: 'ADMIN-PC', ip: '192.168.1.3', os.name: 'Windows 7', os.arch: 'amd64', os.version: '6.1', java.version: '1.8.0_202'
Driver info: org.openqa.selenium.chrome.ChromeDriver
Capabilities {acceptInsecureCerts: false, browserName: chrome, browserVersion: 102.0.5005.63, chrome: {chromedriverVersion: 102.0.5005.61 (0e59bcc00cc4..., userDataDir: C:\Users\admin\AppData\Loca...}, goog:chromeOptions: {debuggerAddress: localhost:50259}, javascriptEnabled: true, networkConnectionEnabled: false, pageLoadStrategy: normal, platform: WINDOWS, platformName: WINDOWS, proxy: Proxy(), setWindowRect: true, strictFileInteractability: false, timeouts: {implicit: 0, pageLoad: 300000, script: 30000}, unhandledPromptBehavior: dismiss and notify, webauthn:extension:credBlob: true, webauthn:extension:largeBlob: true, webauthn:virtualAuthenticators: true}
Session ID: d38905f85586215328db166e26b14f5d
at org.openqa.selenium.remote.http.W3CHttpResponseCodec.createException(W3CHttpResponseCodec.java:187)
at org.openqa.selenium.remote.http.W3CHttpResponseCodec.decode(W3CHttpResponseCodec.java:122)
at org.openqa.selenium.remote.http.W3CHttpResponseCodec.decode(W3CHttpResponseCodec.java:49)
at org.openqa.selenium.remote.HttpCommandExecutor.execute(HttpCommandExecutor.java:158)
at org.openqa.selenium.remote.service.DriverCommandExecutor.execute(DriverCommandExecutor.java:83)
at org.openqa.selenium.remote.RemoteWebDriver.execute(RemoteWebDriver.java:552)
at org.openqa.selenium.remote.RemoteWebDriver.execute(RemoteWebDriver.java:609)
at org.openqa.selenium.remote.RemoteWebDriver$RemoteWebDriverOptions$RemoteWindow.maximize(RemoteWebDriver.java:837)
at Project.Script.BasePageofCRM.beforeTest(BasePageofCRM.java:79)
... Removed 28 stack frames]]>
    </failure>
  </testcase> <!-- @BeforeTest beforeTest -->
  <testcase name="@AfterMethod takeScreenShotOnFaliure" time="0.0" classname="Project.Script.BasePageofCRM">
    <skipped/>
  </testcase> <!-- @AfterMethod takeScreenShotOnFaliure -->
  <testcase name="@AfterMethod takeScreenShotOnFaliure" time="0.0" classname="Project.Script.BasePageofCRM">
    <skipped/>
  </testcase> <!-- @AfterMethod takeScreenShotOnFaliure -->
  <testcase name="@AfterMethod takeScreenShotOnFaliure" time="0.0" classname="Project.Script.BasePageofCRM">
    <skipped/>
  </testcase> <!-- @AfterMethod takeScreenShotOnFaliure -->
  <testcase name="@AfterMethod takeScreenShotOnFaliure" time="0.0" classname="Project.Script.BasePageofCRM">
    <skipped/>
  </testcase> <!-- @AfterMethod takeScreenShotOnFaliure -->
  <testcase name="@AfterMethod takeScreenShotOnFaliure" time="0.0" classname="Project.Script.BasePageofCRM">
    <skipped/>
  </testcase> <!-- @AfterMethod takeScreenShotOnFaliure -->
  <testcase name="@AfterMethod takeScreenShotOnFaliure" time="0.0" classname="Project.Script.BasePageofCRM">
    <skipped/>
  </testcase> <!-- @AfterMethod takeScreenShotOnFaliure -->
  <testcase name="@AfterTest afterTest" time="0.0" classname="Project.Script.BasePageofCRM">
    <skipped/>
  </testcase> <!-- @AfterTest afterTest -->
  <testcase name="validUserValidPass" time="0.0" classname="Project.Script.SanityTestofCRM">
    <skipped/>
  </testcase> <!-- validUserValidPass -->
  <testcase name="homeLogin" time="0.0" classname="Project.Script.SanityTestofCRM">
    <skipped/>
  </testcase> <!-- homeLogin -->
  <testcase name="contSelect" time="0.0" classname="Project.Script.SanityTestofCRM">
    <skipped/>
  </testcase> <!-- contSelect -->
  <testcase name="contSel" time="0.0" classname="Project.Script.RegressionTestofCRM">
    <skipped/>
  </testcase> <!-- contSel -->
  <testcase name="scrollPage" time="0.0" classname="Project.Script.RegressionTestofCRM">
    <skipped/>
  </testcase> <!-- scrollPage -->
  <testcase name="contactDetailsAdd1" time="0.0" classname="Project.Script.RegressionTestofCRM">
    <skipped/>
  </testcase> <!-- contactDetailsAdd1 -->
  <testcase name="@BeforeTest beforeTest" time="0.0" classname="Project.Script.BasePageofCRM">
    <ignored/>
  </testcase> <!-- @BeforeTest beforeTest -->
  <testcase name="@AfterTest afterTest" time="0.0" classname="Project.Script.BasePageofCRM">
    <ignored/>
  </testcase> <!-- @AfterTest afterTest -->
</testsuite> <!-- Test -->
